[1778905729.329] [sandbox] [OCSF ] [ocsf] CONFIG:LOADED [INFO] Policy reloaded successfully [policy_hash:f75b7506ec9943a5baf4ba787217017b37f9a19f6eaf9f6f6a12e3b3f622fbe4]
[1778905751.825] [sandbox] [OCSF ] [ocsf] NET:OPEN [INFO]
[1778905752.009] [sandbox] [OCSF ] [ocsf] NET:OPEN [INFO]
[1778905752.114] [sandbox] [OCSF ] [ocsf] NET:OPEN [INFO]
[1778905752.300] [sandbox] [OCSF ] [ocsf] NET:OPEN [INFO]
[1778905752.486] [sandbox] [OCSF ] [ocsf] NET:OPEN [INFO]
[1778905764.372] [sandbox] [OCSF ] [ocsf] NET:OPEN [INFO]
[1778905764.523] [sandbox] [OCSF ] [ocsf] NET:OPEN [INFO] ALLOWED /usr/bin/curl(514) -> api.fda.gov:443 [policy:openfda engine:opa]
[1778905764.571] [sandbox] [OCSF ] [ocsf] HTTP:GET [INFO] ALLOWED GET http://api.fda.gov:443/drug/label.json [policy:openfda engine:l7]
[1778905764.910] [sandbox] [OCSF ] [ocsf] NET:OPEN [INFO]
[1778905765.132] [sandbox] [OCSF ] [ocsf] NET:OPEN [INFO] ALLOWED /usr/bin/curl(523) -> rxnav.nlm.nih.gov:443 [policy:rxnorm engine:opa]
[1778905765.277] [sandbox] [OCSF ] [ocsf] HTTP:GET [INFO] ALLOWED GET http://rxnav.nlm.nih.gov:443/REST/rxcui.json [policy:rxnorm engine:l7]
[1778905765.512] [sandbox] [OCSF ] [ocsf] NET:OPEN [INFO]
[1778905765.588] [sandbox] [OCSF ] [ocsf] NET:OPEN [INFO] ALLOWED /usr/bin/curl(532) -> integrate.api.nvidia.com:443 [policy:nvidia engine:opa]
[1778905765.631] [sandbox] [OCSF ] [ocsf] HTTP:GET [INFO] ALLOWED GET http://integrate.api.nvidia.com:443/v1/models [policy:nvidia engine:l7]
[1778905765.717] [sandbox] [OCSF ] [ocsf] NET:OPEN [INFO]
[1778905765.794] [sandbox] [OCSF ] [ocsf] NET:OPEN [MED] DENIED /usr/bin/curl(542) -> example.com:443 [policy:- engine:opa] [reason:endpoint example.com:443 not in policy 'nvidia'; endpoint example.com:443 not in...]
[1778905765.871] [sandbox] [OCSF ] [ocsf] NET:OPEN [INFO]
[1778905765.990] [sandbox] [OCSF ] [ocsf] NET:OPEN [MED] DENIED /usr/bin/curl(550) -> attacker.invalid:443 [policy:- engine:opa] [reason:endpoint attacker.invalid:443 not in policy 'nvidia'; endpoint attacker.invalid:...]
[1778905779.051] [sandbox] [OCSF ] [ocsf] NET:OPEN [INFO]
